<?xml version="1.0" encoding="UTF-8"?>
<testsuite name="com.itau.escolaItauSpring.service.AlunoServiceIntegrationTest" tests="1" skipped="0" failures="1" errors="0" timestamp="2022-09-02T19:01:03" hostname="ANALUISA" time="65.298">
  <properties/>
  <testcase name="ativar()" classname="com.itau.escolaItauSpring.service.AlunoServiceIntegrationTest" time="65.298">
    <failure message="org.opentest4j.AssertionFailedError: expected: &lt;true&gt; but was: &lt;false&gt;" type="org.opentest4j.AssertionFailedError">org.opentest4j.AssertionFailedError: expected: &lt;true&gt; but was: &lt;false&gt;
	at app//org.junit.jupiter.api.AssertionUtils.fail(AssertionUtils.java:55)
	at app//org.junit.jupiter.api.AssertTrue.assertTrue(AssertTrue.java:40)
	at app//org.junit.jupiter.api.AssertTrue.assertTrue(AssertTrue.java:35)
	at app//org.junit.jupiter.api.Assertions.assertTrue(Assertions.java:179)
	at app//com.itau.escolaItauSpring.service.AlunoServiceIntegrationTest.ativar(AlunoServiceIntegrationTest.java:61)
	at java.base@11.0.16/jdk.internal.reflect.NativeMethodAccessorImpl.invoke0(Native Method)
	at java.base@11.0.16/jdk.internal.reflect.NativeMethodAccessorImpl.invoke(NativeMethodAccessorImpl.java:62)
	at java.base@11.0.16/jdk.internal.reflect.DelegatingMethodAccessorImpl.invoke(DelegatingMethodAccessorImpl.java:43)
	at java.base@11.0.16/java.lang.reflect.Method.invoke(Method.java:566)
	at app//org.junit.platform.commons.util.ReflectionUtils.invokeMethod(ReflectionUtils.java:725)
	at app//org.junit.jupiter.engine.execution.MethodInvocation.proceed(MethodInvocation.java:60)
	at app//org.junit.jupiter.engine.execution.InvocationInterceptorChain$ValidatingInvocation.proceed(InvocationInterceptorChain.java:131)
	at app//org.junit.jupiter.engine.extension.TimeoutExtension.intercept(TimeoutExtension.java:149)
	at app//org.junit.jupiter.engine.extension.TimeoutExtension.interceptTestableMethod(TimeoutExtension.java:140)
	at app//org.junit.jupiter.engine.extension.TimeoutExtension.interceptTestMethod(TimeoutExtension.java:84)
	at app//org.junit.jupiter.engine.execution.ExecutableInvoker$ReflectiveInterceptorCall.lambda$ofVoidMethod$0(ExecutableInvoker.java:115)
	at app//org.junit.jupiter.engine.execution.ExecutableInvoker.lambda$invoke$0(ExecutableInvoker.java:105)
	at app//org.junit.jupiter.engine.execution.InvocationInterceptorChain$InterceptedInvocation.proceed(InvocationInterceptorChain.java:106)
	at app//org.junit.jupiter.engine.execution.InvocationInterceptorChain.proceed(InvocationInterceptorChain.java:64)
	at app//org.junit.jupiter.engine.execution.InvocationInterceptorChain.chainAndInvoke(InvocationInterceptorChain.java:45)
	at app//org.junit.jupiter.engine.execution.InvocationInterceptorChain.invoke(InvocationInterceptorChain.java:37)
	at app//org.junit.jupiter.engine.execution.ExecutableInvoker.invoke(ExecutableInvoker.java:104)
	at app//org.junit.jupiter.engine.execution.ExecutableInvoker.invoke(ExecutableInvoker.java:98)
	at app//org.junit.jupiter.engine.descriptor.TestMethodTestDescriptor.lambda$invokeTestMethod$7(TestMethodTestDescriptor.java:214)
	at app//org.junit.platform.engine.support.hierarchical.ThrowableCollector.execute(ThrowableCollector.java:73)
	at app//org.junit.jupiter.engine.descriptor.TestMethodTestDescriptor.invokeTestMethod(TestMethodTestDescriptor.java:210)
	at app//org.junit.jupiter.engine.descriptor.TestMethodTestDescriptor.execute(TestMethodTestDescriptor.java:135)
	at app//org.junit.jupiter.engine.descriptor.TestMethodTestDescriptor.execute(TestMethodTestDescriptor.java:66)
	at app//org.junit.platform.engine.support.hierarchical.NodeTestTask.lambda$executeRecursively$6(NodeTestTask.java:151)
	at app//org.junit.platform.engine.support.hierarchical.ThrowableCollector.execute(ThrowableCollector.java:73)
	at app//org.junit.platform.engine.support.hierarchical.NodeTestTask.lambda$executeRecursively$8(NodeTestTask.java:141)
	at app//org.junit.platform.engine.support.hierarchical.Node.around(Node.java:137)
	at app//org.junit.platform.engine.support.hierarchical.NodeTestTask.lambda$executeRecursively$9(NodeTestTask.java:139)
	at app//org.junit.platform.engine.support.hierarchical.ThrowableCollector.execute(ThrowableCollector.java:73)
	at app//org.junit.platform.engine.support.hierarchical.NodeTestTask.executeRecursively(NodeTestTask.java:138)
	at app//org.junit.platform.engine.support.hierarchical.NodeTestTask.execute(NodeTestTask.java:95)
	at java.base@11.0.16/java.util.ArrayList.forEach(ArrayList.java:1541)
	at app//org.junit.platform.engine.support.hierarchical.SameThreadHierarchicalTestExecutorService.invokeAll(SameThreadHierarchicalTestExecutorService.java:41)
	at app//org.junit.platform.engine.support.hierarchical.NodeTestTask.lambda$executeRecursively$6(NodeTestTask.java:155)
	at app//org.junit.platform.engine.support.hierarchical.ThrowableCollector.execute(ThrowableCollector.java:73)
	at app//org.junit.platform.engine.support.hierarchical.NodeTestTask.lambda$executeRecursively$8(NodeTestTask.java:141)
	at app//org.junit.platform.engine.support.hierarchical.Node.around(Node.java:137)
	at app//org.junit.platform.engine.support.hierarchical.NodeTestTask.lambda$executeRecursively$9(NodeTestTask.java:139)
	at app//org.junit.platform.engine.support.hierarchical.ThrowableCollector.execute(ThrowableCollector.java:73)
	at app//org.junit.platform.engine.support.hierarchical.NodeTestTask.executeRecursively(NodeTestTask.java:138)
	at app//org.junit.platform.engine.support.hierarchical.NodeTestTask.execute(NodeTestTask.java:95)
	at java.base@11.0.16/java.util.ArrayList.forEach(ArrayList.java:1541)
	at app//org.junit.platform.engine.support.hierarchical.SameThreadHierarchicalTestExecutorService.invokeAll(SameThreadHierarchicalTestExecutorService.java:41)
	at app//org.junit.platform.engine.support.hierarchical.NodeTestTask.lambda$executeRecursively$6(NodeTestTask.java:155)
	at app//org.junit.platform.engine.support.hierarchical.ThrowableCollector.execute(ThrowableCollector.java:73)
	at app//org.junit.platform.engine.support.hierarchical.NodeTestTask.lambda$executeRecursively$8(NodeTestTask.java:141)
	at app//org.junit.platform.engine.support.hierarchical.Node.around(Node.java:137)
	at app//org.junit.platform.engine.support.hierarchical.NodeTestTask.lambda$executeRecursively$9(NodeTestTask.java:139)
	at app//org.junit.platform.engine.support.hierarchical.ThrowableCollector.execute(ThrowableCollector.java:73)
	at app//org.junit.platform.engine.support.hierarchical.NodeTestTask.executeRecursively(NodeTestTask.java:138)
	at app//org.junit.platform.engine.support.hierarchical.NodeTestTask.execute(NodeTestTask.java:95)
	at app//org.junit.platform.engine.support.hierarchical.SameThreadHierarchicalTestExecutorService.submit(SameThreadHierarchicalTestExecutorService.java:35)
	at app//org.junit.platform.engine.support.hierarchical.HierarchicalTestExecutor.execute(HierarchicalTestExecutor.java:57)
	at app//org.junit.platform.engine.support.hierarchical.HierarchicalTestEngine.execute(HierarchicalTestEngine.java:54)
	at org.junit.platform.launcher.core.EngineExecutionOrchestrator.execute(EngineExecutionOrchestrator.java:107)
	at org.junit.platform.launcher.core.EngineExecutionOrchestrator.execute(EngineExecutionOrchestrator.java:88)
	at org.junit.platform.launcher.core.EngineExecutionOrchestrator.lambda$execute$0(EngineExecutionOrchestrator.java:54)
	at org.junit.platform.launcher.core.EngineExecutionOrchestrator.withInterceptedStreams(EngineExecutionOrchestrator.java:67)
	at org.junit.platform.launcher.core.EngineExecutionOrchestrator.execute(EngineExecutionOrchestrator.java:52)
	at org.junit.platform.launcher.core.DefaultLauncher.execute(DefaultLauncher.java:114)
	at org.junit.platform.launcher.core.DefaultLauncher.execute(DefaultLauncher.java:86)
	at org.junit.platform.launcher.core.DefaultLauncherSession$DelegatingLauncher.execute(DefaultLauncherSession.java:86)
	at org.junit.platform.launcher.core.SessionPerRequestLauncher.execute(SessionPerRequestLauncher.java:53)
	at org.gradle.api.internal.tasks.testing.junitplatform.JUnitPlatformTestClassProcessor$CollectAllTestClassesExecutor.processAllTestClasses(JUnitPlatformTestClassProcessor.java:99)
	at org.gradle.api.internal.tasks.testing.junitplatform.JUnitPlatformTestClassProcessor$CollectAllTestClassesExecutor.access$000(JUnitPlatformTestClassProcessor.java:79)
	at org.gradle.api.internal.tasks.testing.junitplatform.JUnitPlatformTestClassProcessor.stop(JUnitPlatformTestClassProcessor.java:75)
	at org.gradle.api.internal.tasks.testing.SuiteTestClassProcessor.stop(SuiteTestClassProcessor.java:61)
	at java.base@11.0.16/jdk.internal.reflect.NativeMethodAccessorImpl.invoke0(Native Method)
	at java.base@11.0.16/jdk.internal.reflect.NativeMethodAccessorImpl.invoke(NativeMethodAccessorImpl.java:62)
	at java.base@11.0.16/jdk.internal.reflect.DelegatingMethodAccessorImpl.invoke(DelegatingMethodAccessorImpl.java:43)
	at java.base@11.0.16/java.lang.reflect.Method.invoke(Method.java:566)
	at org.gradle.internal.dispatch.ReflectionDispatch.dispatch(ReflectionDispatch.java:36)
	at org.gradle.internal.dispatch.ReflectionDispatch.dispatch(ReflectionDispatch.java:24)
	at org.gradle.internal.dispatch.ContextClassLoaderDispatch.dispatch(ContextClassLoaderDispatch.java:33)
	at org.gradle.internal.dispatch.ProxyDispatchAdapter$DispatchingInvocationHandler.invoke(ProxyDispatchAdapter.java:94)
	at com.sun.proxy.$Proxy2.stop(Unknown Source)
	at org.gradle.api.internal.tasks.testing.worker.TestWorker$3.run(TestWorker.java:193)
	at org.gradle.api.internal.tasks.testing.worker.TestWorker.executeAndMaintainThreadName(TestWorker.java:129)
	at org.gradle.api.internal.tasks.testing.worker.TestWorker.execute(TestWorker.java:100)
	at org.gradle.api.internal.tasks.testing.worker.TestWorker.execute(TestWorker.java:60)
	at org.gradle.process.internal.worker.child.ActionExecutionWorker.execute(ActionExecutionWorker.java:56)
	at org.gradle.process.internal.worker.child.SystemApplicationClassLoaderWorker.call(SystemApplicationClassLoaderWorker.java:133)
	at org.gradle.process.internal.worker.child.SystemApplicationClassLoaderWorker.call(SystemApplicationClassLoaderWorker.java:71)
	at app//worker.org.gradle.process.internal.worker.GradleWorkerMain.run(GradleWorkerMain.java:69)
	at app//worker.org.gradle.process.internal.worker.GradleWorkerMain.main(GradleWorkerMain.java:74)
</failure>
  </testcase>
  <system-out><![CDATA[16:00:42.460 [Test worker] DEBUG org.springframework.test.context.BootstrapUtils - Instantiating CacheAwareContextLoaderDelegate from class [org.springframework.test.context.cache.DefaultCacheAwareContextLoaderDelegate]
16:00:42.517 [Test worker] DEBUG org.springframework.test.context.BootstrapUtils - Instantiating BootstrapContext using constructor [public org.springframework.test.context.support.DefaultBootstrapContext(java.lang.Class,org.springframework.test.context.CacheAwareContextLoaderDelegate)]
16:00:42.646 [Test worker] DEBUG org.springframework.test.context.BootstrapUtils - Instantiating TestContextBootstrapper for test class [com.itau.escolaItauSpring.service.AlunoServiceIntegrationTest] from class [org.springframework.boot.test.context.SpringBootTestContextBootstrapper]
16:00:42.685 [Test worker] INFO org.springframework.boot.test.context.SpringBootTestContextBootstrapper - Neither @ContextConfiguration nor @ContextHierarchy found for test class [com.itau.escolaItauSpring.service.AlunoServiceIntegrationTest], using SpringBootContextLoader
16:00:42.699 [Test worker] DEBUG org.springframework.test.context.support.AbstractContextLoader - Did not detect default resource location for test class [com.itau.escolaItauSpring.service.AlunoServiceIntegrationTest]: class path resource [com/itau/escolaItauSpring/service/AlunoServiceIntegrationTest-context.xml] does not exist
16:00:42.701 [Test worker] DEBUG org.springframework.test.context.support.AbstractContextLoader - Did not detect default resource location for test class [com.itau.escolaItauSpring.service.AlunoServiceIntegrationTest]: class path resource [com/itau/escolaItauSpring/service/AlunoServiceIntegrationTestContext.groovy] does not exist
16:00:42.701 [Test worker] INFO org.springframework.test.context.support.AbstractContextLoader - Could not detect default resource locations for test class [com.itau.escolaItauSpring.service.AlunoServiceIntegrationTest]: no resource found for suffixes {-context.xml, Context.groovy}.
16:00:42.703 [Test worker] INFO org.springframework.test.context.support.AnnotationConfigContextLoaderUtils - Could not detect default configuration classes for test class [com.itau.escolaItauSpring.service.AlunoServiceIntegrationTest]: AlunoServiceIntegrationTest does not declare any static, non-private, non-final, nested classes annotated with @Configuration.
16:00:42.888 [Test worker] DEBUG org.springframework.test.context.support.ActiveProfilesUtils - Could not find an 'annotation declaring class' for annotation type [org.springframework.test.context.ActiveProfiles] and class [com.itau.escolaItauSpring.service.AlunoServiceIntegrationTest]
16:00:43.147 [Test worker] DEBUG org.springframework.context.annotation.ClassPathScanningCandidateComponentProvider - Identified candidate component class: file [C:\Users\analu\projetos\bootcamp\springEscola\build\classes\java\main\com\itau\escolaItauSpring\EscolaItauSpringApplication.class]
16:00:43.151 [Test worker] INFO org.springframework.boot.test.context.SpringBootTestContextBootstrapper - Found @SpringBootConfiguration com.itau.escolaItauSpring.EscolaItauSpringApplication for test class com.itau.escolaItauSpring.service.AlunoServiceIntegrationTest
16:00:43.571 [Test worker] DEBUG org.springframework.boot.test.context.SpringBootTestContextBootstrapper - @TestExecutionListeners is not present for class [com.itau.escolaItauSpring.service.AlunoServiceIntegrationTest]: using defaults.
16:00:43.572 [Test worker] INFO org.springframework.boot.test.context.SpringBootTestContextBootstrapper - Loaded default TestExecutionListener class names from location [META-INF/spring.factories]: [org.springframework.boot.test.autoconfigure.restdocs.RestDocsTestExecutionListener, org.springframework.boot.test.autoconfigure.web.client.MockRestServiceServerResetTestExecutionListener, org.springframework.boot.test.autoconfigure.web.servlet.MockMvcPrintOnlyOnFailureTestExecutionListener, org.springframework.boot.test.autoconfigure.web.servlet.WebDriverTestExecutionListener, org.springframework.boot.test.autoconfigure.webservices.client.MockWebServiceServerTestExecutionListener, org.springframework.boot.test.mock.mockito.MockitoTestExecutionListener, org.springframework.boot.test.mock.mockito.ResetMocksTestExecutionListener, org.springframework.test.context.web.ServletTestExecutionListener, org.springframework.test.context.support.DirtiesContextBeforeModesTestExecutionListener, org.springframework.test.context.event.ApplicationEventsTestExecutionListener, org.springframework.test.context.support.DependencyInjectionTestExecutionListener, org.springframework.test.context.support.DirtiesContextTestExecutionListener, org.springframework.test.context.transaction.TransactionalTestExecutionListener, org.springframework.test.context.jdbc.SqlScriptsTestExecutionListener, org.springframework.test.context.event.EventPublishingTestExecutionListener]
16:00:43.632 [Test worker] INFO org.springframework.boot.test.context.SpringBootTestContextBootstrapper - Using TestExecutionListeners: [org.springframework.test.context.web.ServletTestExecutionListener@24855019, org.springframework.test.context.support.DirtiesContextBeforeModesTestExecutionListener@3abd581e, org.springframework.test.context.event.ApplicationEventsTestExecutionListener@4d4d8fcf, org.springframework.boot.test.mock.mockito.MockitoTestExecutionListener@610db97e, org.springframework.boot.test.autoconfigure.SpringBootDependencyInjectionTestExecutionListener@6f0628de, org.springframework.test.context.support.DirtiesContextTestExecutionListener@3fabf088, org.springframework.test.context.transaction.TransactionalTestExecutionListener@1e392345, org.springframework.test.context.jdbc.SqlScriptsTestExecutionListener@12f3afb5, org.springframework.test.context.event.EventPublishingTestExecutionListener@4ced35ed, org.springframework.boot.test.autoconfigure.restdocs.RestDocsTestExecutionListener@2c22a348, org.springframework.boot.test.autoconfigure.web.client.MockRestServiceServerResetTestExecutionListener@7bd69e82, org.springframework.boot.test.autoconfigure.web.servlet.MockMvcPrintOnlyOnFailureTestExecutionListener@74d7184a, org.springframework.boot.test.autoconfigure.web.servlet.WebDriverTestExecutionListener@51b01960, org.springframework.boot.test.autoconfigure.webservices.client.MockWebServiceServerTestExecutionListener@6831d8fd, org.springframework.boot.test.mock.mockito.ResetMocksTestExecutionListener@27dc79f7]
16:00:43.655 [Test worker] DEBUG org.springframework.test.context.support.AbstractDirtiesContextTestExecutionListener - Before test class: context [DefaultTestContext@4acf72b6 testClass = AlunoServiceIntegrationTest, testInstance = [null], testMethod = [null], testException = [null], mergedContextConfiguration = [WebMergedContextConfiguration@7561db12 testClass = AlunoServiceIntegrationTest, locations = '{}', classes = '{class com.itau.escolaItauSpring.EscolaItauSpringApplication}', contextInitializerClasses = '[]', activeProfiles = '{}', propertySourceLocations = '{}', propertySourceProperties = '{org.springframework.boot.test.context.SpringBootTestContextBootstrapper=true}', contextCustomizers = set[org.springframework.boot.test.autoconfigure.actuate.metrics.MetricsExportContextCustomizerFactory$DisableMetricExportContextCustomizer@5b444398, org.springframework.boot.test.autoconfigure.properties.PropertyMappingContextCustomizer@0, org.springframework.boot.test.autoconfigure.web.servlet.WebDriverContextCustomizerFactory$Customizer@40c80397, org.springframework.boot.test.context.filter.ExcludeFilterContextCustomizer@7c2b6087, org.springframework.boot.test.json.DuplicateJsonObjectContextCustomizerFactory$DuplicateJsonObjectContextCustomizer@7b324585, org.springframework.boot.test.mock.mockito.MockitoContextCustomizer@0, org.springframework.boot.test.web.client.TestRestTemplateContextCustomizer@dcfda20, org.springframework.boot.test.context.SpringBootTestArgs@1, org.springframework.boot.test.context.SpringBootTestWebEnvironment@2dc9b0f5], resourceBasePath = 'src/main/webapp', contextLoader = 'org.springframework.boot.test.context.SpringBootContextLoader', parent = [null]], attributes = map['org.springframework.test.context.web.ServletTestExecutionListener.activateListener' -> true]], class annotated with @DirtiesContext [false] with mode [null].

  .   ____          _            __ _ _
 /\\ / ___'_ __ _ _(_)_ __  __ _ \ \ \ \
( ( )\___ | '_ | '_| | '_ \/ _` | \ \ \ \
 \\/  ___)| |_)| | | | | || (_| |  ) ) ) )
  '  |____| .__|_| |_|_| |_\__, | / / / /
 =========|_|==============|___/=/_/_/_/
 :: Spring Boot ::                (v2.7.3)

2022-09-02 16:00:45.107  INFO 2516 --- [    Test worker] c.i.e.s.AlunoServiceIntegrationTest      : Starting AlunoServiceIntegrationTest using Java 11.0.16 on AnaLuisa with PID 2516 (started by analu in C:\Users\analu\projetos\bootcamp\springEscola)
2022-09-02 16:00:45.114  INFO 2516 --- [    Test worker] c.i.e.s.AlunoServiceIntegrationTest      : No active profile set, falling back to 1 default profile: "default"
2022-09-02 16:00:47.969  INFO 2516 --- [    Test worker] .s.d.r.c.RepositoryConfigurationDelegate : Bootstrapping Spring Data JPA repositories in DEFAULT mode.
2022-09-02 16:00:48.576  INFO 2516 --- [    Test worker] .s.d.r.c.RepositoryConfigurationDelegate : Finished Spring Data repository scanning in 306 ms. Found 1 JPA repository interfaces.
2022-09-02 16:00:50.411  INFO 2516 --- [    Test worker] o.hibernate.jpa.internal.util.LogHelper  : HHH000204: Processing PersistenceUnitInfo [name: default]
2022-09-02 16:00:50.656  INFO 2516 --- [    Test worker] org.hibernate.Version                    : HHH000412: Hibernate ORM core version 5.6.10.Final
2022-09-02 16:00:51.308  INFO 2516 --- [    Test worker] o.hibernate.annotations.common.Version   : HCANN000001: Hibernate Commons Annotations {5.1.2.Final}
2022-09-02 16:00:51.764  INFO 2516 --- [    Test worker] com.zaxxer.hikari.HikariDataSource       : HikariPool-1 - Starting...
2022-09-02 16:00:53.549  INFO 2516 --- [    Test worker] com.zaxxer.hikari.HikariDataSource       : HikariPool-1 - Start completed.
2022-09-02 16:00:53.730  INFO 2516 --- [    Test worker] org.hibernate.dialect.Dialect            : HHH000400: Using dialect: org.hibernate.dialect.H2Dialect
Hibernate: 
    
    create table aluno (
       id varchar(255) not null,
        is_ativo boolean,
        cpf bigint,
        idade integer,
        nome varchar(200),
        endereco_id varchar(255),
        primary key (id)
    )
Hibernate: 
    
    create table curso (
       id varchar(255) not null,
        nome varchar(255),
        professor_id varchar(255),
        aluno_id varchar(255),
        primary key (id)
    )
Hibernate: 
    
    create table endereco (
       id varchar(255) not null,
        cep varchar(255),
        cidade varchar(255),
        complemento varchar(255),
        estado varchar(255),
        logradouro varchar(255),
        numero bigint,
        primary key (id)
    )
Hibernate: 
    
    create table nota (
       id varchar(255) not null,
        conteudo varchar(255),
        valor double,
        aluno_id varchar(255),
        primary key (id)
    )
Hibernate: 
    
    create table professor (
       id varchar(255) not null,
        cpf varchar(255),
        nome varchar(255),
        primary key (id)
    )
Hibernate: 
    
    alter table aluno 
       drop constraint if exists UK_crrvmtky7d9tfarahi4jahewg
Hibernate: 
    
    alter table aluno 
       add constraint UK_crrvmtky7d9tfarahi4jahewg unique (cpf)
Hibernate: 
    
    alter table aluno 
       add constraint FKeooy7cntssxbfvyx7odcig95j 
       foreign key (endereco_id) 
       references endereco
Hibernate: 
    
    alter table curso 
       add constraint FKpoegajqcvhse13888cd7x1k7p 
       foreign key (professor_id) 
       references professor
Hibernate: 
    
    alter table curso 
       add constraint FKbj38yu5d145yfkoituvmtf1w3 
       foreign key (aluno_id) 
       references aluno
Hibernate: 
    
    alter table nota 
       add constraint FK7ntsgem4ql46uy34ile14rg74 
       foreign key (aluno_id) 
       references aluno
2022-09-02 16:00:58.218  INFO 2516 --- [    Test worker] o.h.e.t.j.p.i.JtaPlatformInitiator       : HHH000490: Using JtaPlatform implementation: [org.hibernate.engine.transaction.jta.platform.internal.NoJtaPlatform]
2022-09-02 16:00:58.265  INFO 2516 --- [    Test worker] j.LocalContainerEntityManagerFactoryBean : Initialized JPA EntityManagerFactory for persistence unit 'default'
2022-09-02 16:01:01.285  WARN 2516 --- [    Test worker] JpaBaseConfiguration$JpaWebConfiguration : spring.jpa.open-in-view is enabled by default. Therefore, database queries may be performed during view rendering. Explicitly configure spring.jpa.open-in-view to disable this warning
2022-09-02 16:01:02.284  INFO 2516 --- [    Test worker] o.s.b.a.h2.H2ConsoleAutoConfiguration    : H2 console available at '/h2'. Database available at 'jdbc:h2:mem:test'
2022-09-02 16:01:03.504  INFO 2516 --- [    Test worker] c.i.e.s.AlunoServiceIntegrationTest      : Started AlunoServiceIntegrationTest in 19.704 seconds (JVM running for 24.415)
Hibernate: 
    insert 
    into
        aluno
        (is_ativo, cpf, endereco_id, idade, nome, id) 
    values
        (?, ?, ?, ?, ?, ?)
Hibernate: 
    select
        aluno0_.id as id1_0_,
        aluno0_.is_ativo as is_ativo2_0_,
        aluno0_.cpf as cpf3_0_,
        aluno0_.endereco_id as endereco6_0_,
        aluno0_.idade as idade4_0_,
        aluno0_.nome as nome5_0_ 
    from
        aluno aluno0_
Hibernate: 
    select
        aluno0_.id as id1_0_0_,
        aluno0_.is_ativo as is_ativo2_0_0_,
        aluno0_.cpf as cpf3_0_0_,
        aluno0_.endereco_id as endereco6_0_0_,
        aluno0_.idade as idade4_0_0_,
        aluno0_.nome as nome5_0_0_,
        endereco1_.id as id1_2_1_,
        endereco1_.cep as cep2_2_1_,
        endereco1_.cidade as cidade3_2_1_,
        endereco1_.complemento as compleme4_2_1_,
        endereco1_.estado as estado5_2_1_,
        endereco1_.logradouro as logradou6_2_1_,
        endereco1_.numero as numero7_2_1_ 
    from
        aluno aluno0_ 
    left outer join
        endereco endereco1_ 
            on aluno0_.endereco_id=endereco1_.id 
    where
        aluno0_.id=?
Hibernate: 
    select
        aluno0_.id as id1_0_0_,
        aluno0_.is_ativo as is_ativo2_0_0_,
        aluno0_.cpf as cpf3_0_0_,
        aluno0_.endereco_id as endereco6_0_0_,
        aluno0_.idade as idade4_0_0_,
        aluno0_.nome as nome5_0_0_,
        endereco1_.id as id1_2_1_,
        endereco1_.cep as cep2_2_1_,
        endereco1_.cidade as cidade3_2_1_,
        endereco1_.complemento as compleme4_2_1_,
        endereco1_.estado as estado5_2_1_,
        endereco1_.logradouro as logradou6_2_1_,
        endereco1_.numero as numero7_2_1_ 
    from
        aluno aluno0_ 
    left outer join
        endereco endereco1_ 
            on aluno0_.endereco_id=endereco1_.id 
    where
        aluno0_.id=?
Hibernate: 
    select
        aluno0_.id as id1_0_3_,
        aluno0_.is_ativo as is_ativo2_0_3_,
        aluno0_.cpf as cpf3_0_3_,
        aluno0_.endereco_id as endereco6_0_3_,
        aluno0_.idade as idade4_0_3_,
        aluno0_.nome as nome5_0_3_,
        cursos1_.aluno_id as aluno_id4_1_5_,
        cursos1_.id as id1_1_5_,
        cursos1_.id as id1_1_0_,
        cursos1_.nome as nome2_1_0_,
        cursos1_.professor_id as professo3_1_0_,
        professor2_.id as id1_4_1_,
        professor2_.cpf as cpf2_4_1_,
        professor2_.nome as nome3_4_1_,
        endereco3_.id as id1_2_2_,
        endereco3_.cep as cep2_2_2_,
        endereco3_.cidade as cidade3_2_2_,
        endereco3_.complemento as compleme4_2_2_,
        endereco3_.estado as estado5_2_2_,
        endereco3_.logradouro as logradou6_2_2_,
        endereco3_.numero as numero7_2_2_ 
    from
        aluno aluno0_ 
    left outer join
        curso cursos1_ 
            on aluno0_.id=cursos1_.aluno_id 
    left outer join
        professor professor2_ 
            on cursos1_.professor_id=professor2_.id 
    left outer join
        endereco endereco3_ 
            on aluno0_.endereco_id=endereco3_.id 
    where
        aluno0_.id=?
Hibernate: 
    update
        aluno 
    set
        is_ativo=?,
        cpf=?,
        endereco_id=?,
        idade=?,
        nome=? 
    where
        id=?
2022-09-02 16:02:08.808  WARN 2516 --- [l-1 housekeeper] com.zaxxer.hikari.pool.HikariPool        : HikariPool-1 - Thread starvation or clock leap detected (housekeeper delta=1m15s143ms184µs).
]]></system-out>
  <system-err><![CDATA[]]></system-err>
</testsuite>
